Arguments: 
  /usr/local/bin/node /Users/gabrieloliveira/.yarn/bin/yarn.js add @types/react-datetime-range-picker -D

PATH: 
  /Users/gabrieloliveira/.yarn/bin:/Users/gabrieloliveira/.config/yarn/global/node_modules/.bin:/Users/gabrieloliveira/.local/share/solana/install/active_release/bin:/usr/local/bin:/usr/bin:/bin:/usr/sbin:/sbin:/Library/Apple/usr/bin:/Users/gabrieloliveira/.yarn/bin:/Users/gabrieloliveira/.config/yarn/global/node_modules/.bin:/Users/gabrieloliveira/.local/share/solana/install/active_release/bin:/emulator:/tools:/tools/bin:/platform-tools:/Users/gabrieloliveira/Library/Android/sdk/emulator:/Users/gabrieloliveira/Library/Android/sdk/tools:/Users/gabrieloliveira/Library/Android/sdk/tools/bin:/Users/gabrieloliveira/Library/Android/sdk/platform-tools: ~/Library/flutter/bin:/Users/gabrieloliveira/Library/Android/sdk/emulator:/Users/gabrieloliveira/Library/Android/sdk/tools:/Users/gabrieloliveira/Library/Android/sdk/tools/bin:/Users/gabrieloliveira/Library/Android/sdk/platform-tools:/Users/gabrieloliveira/Library/Android/sdk/emulator:/Users/gabrieloliveira/Library/Android/sdk/tools:/Users/gabrieloliveira/Library/Android/sdk/tools/bin:/Users/gabrieloliveira/Library/Android/sdk/platform-tools:/Users/gabrieloliveira/Library/Android/sdk/emulator:/Users/gabrieloliveira/Library/Android/sdk/tools:/Users/gabrieloliveira/Library/Android/sdk/tools/bin:/Users/gabrieloliveira/Library/Android/sdk/platform-tools: ~/Library/flutter/bin

Yarn version: 
  1.22.4

Node version: 
  14.17.6

Platform: 
  darwin x64

Trace: 
  Error: https://registry.yarnpkg.com/@types%2freact-datetime-range-picker: Not found
      at Request.params.callback [as _callback] (/Users/gabrieloliveira/.yarn/lib/cli.js:66987:18)
      at Request.self.callback (/Users/gabrieloliveira/.yarn/lib/cli.js:140748:22)
      at Request.emit (events.js:400:28)
      at Request.<anonymous> (/Users/gabrieloliveira/.yarn/lib/cli.js:141720:10)
      at Request.emit (events.js:400:28)
      at IncomingMessage.<anonymous> (/Users/gabrieloliveira/.yarn/lib/cli.js:141642:12)
      at Object.onceWrapper (events.js:519:28)
      at IncomingMessage.emit (events.js:412:35)
      at endReadableNT (internal/streams/readable.js:1317:12)
      at processTicksAndRejections (internal/process/task_queues.js:82:21)

npm manifest: 
  {
    "dependencies": {
      "react-datetime": "^3.1.1",
      "react-datetime-range-picker": "^3.0.0"
    }
  }

yarn manifest: 
  No manifest

Lockfile: 
  # THIS IS AN AUTOGENERATED FILE. DO NOT EDIT THIS FILE DIRECTLY.
  # yarn lockfile v1
  
  
  "js-tokens@^3.0.0 || ^4.0.0":
    version "4.0.0"
    resolved "https://registry.yarnpkg.com/js-tokens/-/js-tokens-4.0.0.tgz#19203fb59991df98e3a287050d4647cdeaf32499"
    integrity sha512-RdJUflcE3cUzKiMqQgsCu06FPu9UdIJO0beYbPhHN4k6apgJtifcoCtT9bcxOpYBtpD2kCM6Sbzg4CausW/PKQ==
  
  loose-envify@^1.4.0:
    version "1.4.0"
    resolved "https://registry.yarnpkg.com/loose-envify/-/loose-envify-1.4.0.tgz#71ee51fa7be4caec1a63839f7e682d8132d30caf"
    integrity sha512-lyuxPGr/Wfhrlem2CL/UcnUc1zcqKAImBDzukY7Y5F/yQiNdko6+fRLevlw1HgMySw7f611UIY408EtxRSoK3Q==
    dependencies:
      js-tokens "^3.0.0 || ^4.0.0"
  
  moment@^2.19.3:
    version "2.29.1"
    resolved "https://registry.yarnpkg.com/moment/-/moment-2.29.1.tgz#b2be769fa31940be9eeea6469c075e35006fa3d3"
    integrity sha512-kHmoybcPV8Sqy59DwNDY3Jefr64lK/by/da0ViFcuA4DH0vQg5Q6Ze5VimxkfQNSC+Mls/Kx53s7TjP1RhFEDQ==
  
  object-assign@^4.1.1:
    version "4.1.1"
    resolved "https://registry.yarnpkg.com/object-assign/-/object-assign-4.1.1.tgz#2109adc7965887cfc05cbbd442cac8bfbb360863"
    integrity sha1-IQmtx5ZYh8/AXLvUQsrIv7s2CGM=
  
  prop-types@^15.5.10, prop-types@^15.5.7:
    version "15.8.1"
    resolved "https://registry.yarnpkg.com/prop-types/-/prop-types-15.8.1.tgz#67d87bf1a694f48435cf332c24af10214a3140b5"
    integrity sha512-oj87CgZICdulUohogVAR7AjlC0327U4el4L6eAvOqCeudMDVU0NThNaV+b9Df4dXgSP1gXMTnPdhfe/2qDH5cg==
    dependencies:
      loose-envify "^1.4.0"
      object-assign "^4.1.1"
      react-is "^16.13.1"
  
  react-datetime-range-picker@^3.0.0:
    version "3.0.0"
    resolved "https://registry.yarnpkg.com/react-datetime-range-picker/-/react-datetime-range-picker-3.0.0.tgz#2db793c6257762ffd7ebe7caf77bd18689c2618f"
    integrity sha512-cQZIN0T0u8HMoxW4hHAk8u97BhO4Tca0dN3tpDLZqFGYGWRyZLfrs9QW9VeliY5UD4K6veOOztY9DQJWmmoRtg==
    dependencies:
      moment "^2.19.3"
      prop-types "^15.5.10"
  
  react-datetime@^3.1.1:
    version "3.1.1"
    resolved "https://registry.yarnpkg.com/react-datetime/-/react-datetime-3.1.1.tgz#adc346efda47653cfff9259c979f03f56106e48c"
    integrity sha512-gHCTjAniCcMb6jdXpz+MpVe/uCeaHNDOofg+l41nLlJI3uBLBMV40CQbGB2TCTUpCzGT1mCs4vQzKGMjXO/WWQ==
    dependencies:
      prop-types "^15.5.7"
  
  react-is@^16.13.1:
    version "16.13.1"
    resolved "https://registry.yarnpkg.com/react-is/-/react-is-16.13.1.tgz#789729a4dc36de2999dc156dd6c1d9c18cea56a4"
    integrity sha512-24e6ynE2H+OKt4kqsOvNd8kBpV65zoxbA4BVsEOB3ARVWQki/DHzaUoC5KuON/BiccDaCCTZBuOcfZs70kR8bQ==
